{"/home/sangam/Desktop/MY_CODE/NamasteReact/reactPersonnal/EP_03_Testing_Application/src/sum.jsx": {"path":"/home/sangam/Desktop/MY_CODE/NamasteReact/reactPersonnal/EP_03_Testing_Application/src/sum.jsx","statementMap":{"0":{"start":{"line":1,"column":18},"end":{"line":3,"column":1}},"1":{"start":{"line":2,"column":4},"end":{"line":2,"column":15}}},"fnMap":{"0":{"name":"(anonymous_0)","decl":{"start":{"line":1,"column":18},"end":{"line":1,"column":19}},"loc":{"start":{"line":1,"column":25},"end":{"line":3,"column":1}},"line":1}},"branchMap":{},"s":{"0":1,"1":1},"f":{"0":1},"b":{},"_coverageSchema":"1a1c01bbd47fc00a2c39e90264f33305004495a9","hash":"f28cc9ed7f34e9f03375159a10ea100a6bbc91d4"}
,"/home/sangam/Desktop/MY_CODE/NamasteReact/reactPersonnal/EP_03_Testing_Application/src/components/Contact.jsx": {"path":"/home/sangam/Desktop/MY_CODE/NamasteReact/reactPersonnal/EP_03_Testing_Application/src/components/Contact.jsx","statementMap":{"0":{"start":{"line":1,"column":16},"end":{"line":12,"column":1}},"1":{"start":{"line":2,"column":4},"end":{"line":11,"column":5}}},"fnMap":{"0":{"name":"(anonymous_0)","decl":{"start":{"line":1,"column":16},"end":{"line":1,"column":17}},"loc":{"start":{"line":1,"column":22},"end":{"line":12,"column":1}},"line":1}},"branchMap":{},"s":{"0":1,"1":3},"f":{"0":3},"b":{},"_coverageSchema":"1a1c01bbd47fc00a2c39e90264f33305004495a9","hash":"97f7972e580744002203d35be62911ae6e9116e1"}
}
